# JRE version: OpenJDK Runtime Environment Temurin-17.0.6+10 (17.0.6+10) (build 17.0.6+10)
# Java VM: OpenJDK 64-Bit Server VM Temurin-17.0.6+10 (17.0.6+10, mixed mode, tiered, compressed oops, compressed class ptrs, parallel gc, windows-amd64)
GC Precious Log:
 CPUs: 8 total, 8 available
 Memory: 12169M
 Large Page Support: Disabled
 NUMA Support: Disabled
 Compressed Oops: Enabled (32-bit)
 Alignments: Space 512K, Generation 512K, Heap 2M
 Heap Min Capacity: 100M
 Heap Initial Capacity: 100M
 Heap Max Capacity: 1G
 Pre-touch: Disabled
 Parallel Workers: 8
Heap:
 PSYoungGen      total 2560K, used 1607K [0x00000000eab00000, 0x00000000eae80000, 0x0000000100000000)
  eden space 1536K, 69% used [0x00000000eab00000,0x00000000eac09c00,0x00000000eac80000)
  from space 1024K, 53% used [0x00000000ead80000,0x00000000eae08000,0x00000000eae80000)
  to   space 1024K, 0% used [0x00000000eac80000,0x00000000eac80000,0x00000000ead80000)
 ParOldGen       total 104960K, used 93398K [0x00000000c0000000, 0x00000000c6680000, 0x00000000eab00000)
  object space 104960K, 88% used [0x00000000c0000000,0x00000000c5b35b90,0x00000000c6680000)
 Metaspace       used 75474K, committed 76608K, reserved 1122304K
  class space    used 7918K, committed 8384K, reserved 1048576K
GC Heap History (20 events):
Event: 3913.873 GC heap before
{Heap before GC invocations=332 (full 10):
 PSYoungGen      total 3072K, used 2831K [0x00000000eab00000, 0x00000000eb100000, 0x0000000100000000)
  eden space 1536K, 99% used [0x00000000eab00000,0x00000000eac7ff68,0x00000000eac80000)
  from space 1536K, 84% used [0x00000000eaf80000,0x00000000eb0c4020,0x00000000eb100000)
  to   space 2048K, 0% used [0x00000000ead00000,0x00000000ead00000,0x00000000eaf00000)
 ParOldGen       total 104960K, used 87415K [0x00000000c0000000, 0x00000000c6680000, 0x00000000eab00000)
  object space 104960K, 83% used [0x00000000c0000000,0x00000000c555dfd8,0x00000000c6680000)
 Metaspace       used 75304K, committed 76416K, reserved 1122304K
  class space    used 7903K, committed 8384K, reserved 1048576K
}
Event: 3913.877 GC heap after
{Heap after GC invocations=332 (full 10):
 PSYoungGen      total 3584K, used 160K [0x00000000eab00000, 0x00000000eb000000, 0x0000000100000000)
  eden space 1536K, 0% used [0x00000000eab00000,0x00000000eab00000,0x00000000eac80000)
  from space 2048K, 7% used [0x00000000ead00000,0x00000000ead28000,0x00000000eaf00000)
  to   space 1024K, 0% used [0x00000000eaf00000,0x00000000eaf00000,0x00000000eb000000)
 ParOldGen       total 104960K, used 88479K [0x00000000c0000000, 0x00000000c6680000, 0x00000000eab00000)
  object space 104960K, 84% used [0x00000000c0000000,0x00000000c5667fd8,0x00000000c6680000)
 Metaspace       used 75304K, committed 76416K, reserved 1122304K
  class space    used 7903K, committed 8384K, reserved 1048576K
}
Event: 3914.078 GC heap before
{Heap before GC invocations=333 (full 10):
 PSYoungGen      total 3584K, used 1696K [0x00000000eab00000, 0x00000000eb000000, 0x0000000100000000)
  eden space 1536K, 100% used [0x00000000eab00000,0x00000000eac80000,0x00000000eac80000)
  from space 2048K, 7% used [0x00000000ead00000,0x00000000ead28000,0x00000000eaf00000)
  to   space 1024K, 0% used [0x00000000eaf00000,0x00000000eaf00000,0x00000000eb000000)
 ParOldGen       total 104960K, used 88479K [0x00000000c0000000, 0x00000000c6680000, 0x00000000eab00000)
  object space 104960K, 84% used [0x00000000c0000000,0x00000000c5667fd8,0x00000000c6680000)
 Metaspace       used 75304K, committed 76416K, reserved 1122304K
  class space    used 7903K, committed 8384K, reserved 1048576K
}
Event: 3914.082 GC heap after
{Heap after GC invocations=333 (full 10):
 PSYoungGen      total 2048K, used 416K [0x00000000eab00000, 0x00000000eaf80000, 0x0000000100000000)
  eden space 1536K, 0% used [0x00000000eab00000,0x00000000eab00000,0x00000000eac80000)
  from space 512K, 81% used [0x00000000eaf00000,0x00000000eaf68000,0x00000000eaf80000)
  to   space 512K, 0% used [0x00000000eae80000,0x00000000eae80000,0x00000000eaf00000)
 ParOldGen       total 104960K, used 88567K [0x00000000c0000000, 0x00000000c6680000, 0x00000000eab00000)
  object space 104960K, 84% used [0x00000000c0000000,0x00000000c567dfd8,0x00000000c6680000)
 Metaspace       used 75304K, committed 76416K, reserved 1122304K
  class space    used 7903K, committed 8384K, reserved 1048576K
}
Event: 3914.100 GC heap before
{Heap before GC invocations=334 (full 10):
 PSYoungGen      total 2048K, used 1952K [0x00000000eab00000, 0x00000000eaf80000, 0x0000000100000000)
  eden space 1536K, 100% used [0x00000000eab00000,0x00000000eac80000,0x00000000eac80000)
  from space 512K, 81% used [0x00000000eaf00000,0x00000000eaf68000,0x00000000eaf80000)
  to   space 512K, 0% used [0x00000000eae80000,0x00000000eae80000,0x00000000eaf00000)
 ParOldGen       total 104960K, used 88567K [0x00000000c0000000, 0x00000000c6680000, 0x00000000eab00000)
  object space 104960K, 84% used [0x00000000c0000000,0x00000000c567dfd8,0x00000000c6680000)
 Metaspace       used 75312K, committed 76416K, reserved 1122304K
  class space    used 7903K, committed 8384K, reserved 1048576K
}
Event: 3914.101 GC heap after
{Heap after GC invocations=334 (full 10):
 PSYoungGen      total 2048K, used 512K [0x00000000eab00000, 0x00000000eaf80000, 0x0000000100000000)
  eden space 1536K, 0% used [0x00000000eab00000,0x00000000eab00000,0x00000000eac80000)
  from space 512K, 100% used [0x00000000eae80000,0x00000000eaf00000,0x00000000eaf00000)
  to   space 512K, 0% used [0x00000000eaf00000,0x00000000eaf00000,0x00000000eaf80000)
 ParOldGen       total 104960K, used 88949K [0x00000000c0000000, 0x00000000c6680000, 0x00000000eab00000)
  object space 104960K, 84% used [0x00000000c0000000,0x00000000c56dd458,0x00000000c6680000)
 Metaspace       used 75312K, committed 76416K, reserved 1122304K
  class space    used 7903K, committed 8384K, reserved 1048576K
}
Event: 3914.111 GC heap before
{Heap before GC invocations=335 (full 10):
 PSYoungGen      total 2048K, used 2048K [0x00000000eab00000, 0x00000000eaf80000, 0x0000000100000000)
  eden space 1536K, 100% used [0x00000000eab00000,0x00000000eac80000,0x00000000eac80000)
  from space 512K, 100% used [0x00000000eae80000,0x00000000eaf00000,0x00000000eaf00000)
  to   space 512K, 0% used [0x00000000eaf00000,0x00000000eaf00000,0x00000000eaf80000)
 ParOldGen       total 104960K, used 88949K [0x00000000c0000000, 0x00000000c6680000, 0x00000000eab00000)
  object space 104960K, 84% used [0x00000000c0000000,0x00000000c56dd458,0x00000000c6680000)
 Metaspace       used 75312K, committed 76416K, reserved 1122304K
  class space    used 7903K, committed 8384K, reserved 1048576K
}
Event: 3914.113 GC heap after
{Heap after GC invocations=335 (full 10):
 PSYoungGen      total 2048K, used 496K [0x00000000eab00000, 0x00000000eaf80000, 0x0000000100000000)
  eden space 1536K, 0% used [0x00000000eab00000,0x00000000eab00000,0x00000000eac80000)
  from space 512K, 96% used [0x00000000eaf00000,0x00000000eaf7c010,0x00000000eaf80000)
  to   space 1536K, 0% used [0x00000000eac80000,0x00000000eac80000,0x00000000eae00000)
 ParOldGen       total 104960K, used 89505K [0x00000000c0000000, 0x00000000c6680000, 0x00000000eab00000)
  object space 104960K, 85% used [0x00000000c0000000,0x00000000c57684c8,0x00000000c6680000)
 Metaspace       used 75312K, committed 76416K, reserved 1122304K
  class space    used 7903K, committed 8384K, reserved 1048576K
}
Event: 3914.137 GC heap before
{Heap before GC invocations=336 (full 10):
 PSYoungGen      total 2048K, used 2032K [0x00000000eab00000, 0x00000000eaf80000, 0x0000000100000000)
  eden space 1536K, 100% used [0x00000000eab00000,0x00000000eac80000,0x00000000eac80000)
  from space 512K, 96% used [0x00000000eaf00000,0x00000000eaf7c010,0x00000000eaf80000)
  to   space 1536K, 0% used [0x00000000eac80000,0x00000000eac80000,0x00000000eae00000)
 ParOldGen       total 104960K, used 89505K [0x00000000c0000000, 0x00000000c6680000, 0x00000000eab00000)
  object space 104960K, 85% used [0x00000000c0000000,0x00000000c57684c8,0x00000000c6680000)
 Metaspace       used 75337K, committed 76416K, reserved 1122304K
  class space    used 7903K, committed 8384K, reserved 1048576K
}
Event: 3914.138 GC heap after
{Heap after GC invocations=336 (full 10):
 PSYoungGen      total 3072K, used 672K [0x00000000eab00000, 0x00000000eaf80000, 0x0000000100000000)
  eden space 1536K, 0% used [0x00000000eab00000,0x00000000eab00000,0x00000000eac80000)
  from space 1536K, 43% used [0x00000000eac80000,0x00000000ead28000,0x00000000eae00000)
  to   space 1024K, 0% used [0x00000000eae80000,0x00000000eae80000,0x00000000eaf80000)
 ParOldGen       total 104960K, used 89998K [0x00000000c0000000, 0x00000000c6680000, 0x00000000eab00000)
  object space 104960K, 85% used [0x00000000c0000000,0x00000000c57e3968,0x00000000c6680000)
 Metaspace       used 75337K, committed 76416K, reserved 1122304K
  class space    used 7903K, committed 8384K, reserved 1048576K
}
Event: 3914.179 GC heap before
{Heap before GC invocations=337 (full 10):
 PSYoungGen      total 3072K, used 2208K [0x00000000eab00000, 0x00000000eaf80000, 0x0000000100000000)
  eden space 1536K, 100% used [0x00000000eab00000,0x00000000eac80000,0x00000000eac80000)
  from space 1536K, 43% used [0x00000000eac80000,0x00000000ead28000,0x00000000eae00000)
  to   space 1024K, 0% used [0x00000000eae80000,0x00000000eae80000,0x00000000eaf80000)
 ParOldGen       total 104960K, used 89998K [0x00000000c0000000, 0x00000000c6680000, 0x00000000eab00000)
  object space 104960K, 85% used [0x00000000c0000000,0x00000000c57e3968,0x00000000c6680000)
 Metaspace       used 75350K, committed 76416K, reserved 1122304K
  class space    used 7903K, committed 8384K, reserved 1048576K
}
Event: 3914.183 GC heap after
{Heap after GC invocations=337 (full 10):
 PSYoungGen      total 2048K, used 448K [0x00000000eab00000, 0x00000000eaf00000, 0x0000000100000000)
  eden space 1536K, 0% used [0x00000000eab00000,0x00000000eab00000,0x00000000eac80000)
  from space 512K, 87% used [0x00000000eae80000,0x00000000eaef0000,0x00000000eaf00000)
  to   space 1024K, 0% used [0x00000000ead00000,0x00000000ead00000,0x00000000eae00000)
 ParOldGen       total 104960K, used 90533K [0x00000000c0000000, 0x00000000c6680000, 0x00000000eab00000)
  object space 104960K, 86% used [0x00000000c0000000,0x00000000c58697a0,0x00000000c6680000)
 Metaspace       used 75350K, committed 76416K, reserved 1122304K
  class space    used 7903K, committed 8384K, reserved 1048576K
}
Event: 3914.211 GC heap before
{Heap before GC invocations=338 (full 10):
 PSYoungGen      total 2048K, used 1984K [0x00000000eab00000, 0x00000000eaf00000, 0x0000000100000000)
  eden space 1536K, 100% used [0x00000000eab00000,0x00000000eac80000,0x00000000eac80000)
  from space 512K, 87% used [0x00000000eae80000,0x00000000eaef0000,0x00000000eaf00000)
  to   space 1024K, 0% used [0x00000000ead00000,0x00000000ead00000,0x00000000eae00000)
 ParOldGen       total 104960K, used 90533K [0x00000000c0000000, 0x00000000c6680000, 0x00000000eab00000)
  object space 104960K, 86% used [0x00000000c0000000,0x00000000c58697a0,0x00000000c6680000)
 Metaspace       used 75356K, committed 76480K, reserved 1122304K
  class space    used 7903K, committed 8384K, reserved 1048576K
}
Event: 3914.214 GC heap after
{Heap after GC invocations=338 (full 10):
 PSYoungGen      total 2560K, used 800K [0x00000000eab00000, 0x00000000eaf00000, 0x0000000100000000)
  eden space 1536K, 0% used [0x00000000eab00000,0x00000000eab00000,0x00000000eac80000)
  from space 1024K, 78% used [0x00000000ead00000,0x00000000eadc8000,0x00000000eae00000)
  to   space 1024K, 0% used [0x00000000eae00000,0x00000000eae00000,0x00000000eaf00000)
 ParOldGen       total 104960K, used 90740K [0x00000000c0000000, 0x00000000c6680000, 0x00000000eab00000)
  object space 104960K, 86% used [0x00000000c0000000,0x00000000c589d1e0,0x00000000c6680000)
 Metaspace       used 75356K, committed 76480K, reserved 1122304K
  class space    used 7903K, committed 8384K, reserved 1048576K
}
Event: 3914.358 GC heap before
{Heap before GC invocations=339 (full 10):
 PSYoungGen      total 2560K, used 2335K [0x00000000eab00000, 0x00000000eaf00000, 0x0000000100000000)
  eden space 1536K, 99% used [0x00000000eab00000,0x00000000eac7fff0,0x00000000eac80000)
  from space 1024K, 78% used [0x00000000ead00000,0x00000000eadc8000,0x00000000eae00000)
  to   space 1024K, 0% used [0x00000000eae00000,0x00000000eae00000,0x00000000eaf00000)
 ParOldGen       total 104960K, used 90740K [0x00000000c0000000, 0x00000000c6680000, 0x00000000eab00000)
  object space 104960K, 86% used [0x00000000c0000000,0x00000000c589d1e0,0x00000000c6680000)
 Metaspace       used 75365K, committed 76480K, reserved 1122304K
  class space    used 7903K, committed 8384K, reserved 1048576K
}
Event: 3914.360 GC heap after
{Heap after GC invocations=339 (full 10):
 PSYoungGen      total 2560K, used 576K [0x00000000eab00000, 0x00000000eaf00000, 0x0000000100000000)
  eden space 1536K, 0% used [0x00000000eab00000,0x00000000eab00000,0x00000000eac80000)
  from space 1024K, 56% used [0x00000000eae00000,0x00000000eae90000,0x00000000eaf00000)
  to   space 1024K, 0% used [0x00000000ead00000,0x00000000ead00000,0x00000000eae00000)
 ParOldGen       total 104960K, used 91396K [0x00000000c0000000, 0x00000000c6680000, 0x00000000eab00000)
  object space 104960K, 87% used [0x00000000c0000000,0x00000000c5941200,0x00000000c6680000)
 Metaspace       used 75365K, committed 76480K, reserved 1122304K
  class space    used 7903K, committed 8384K, reserved 1048576K
}
Event: 3914.403 GC heap before
{Heap before GC invocations=340 (full 10):
 PSYoungGen      total 2560K, used 2112K [0x00000000eab00000, 0x00000000eaf00000, 0x0000000100000000)
  eden space 1536K, 100% used [0x00000000eab00000,0x00000000eac80000,0x00000000eac80000)
  from space 1024K, 56% used [0x00000000eae00000,0x00000000eae90000,0x00000000eaf00000)
  to   space 1024K, 0% used [0x00000000ead00000,0x00000000ead00000,0x00000000eae00000)
 ParOldGen       total 104960K, used 91396K [0x00000000c0000000, 0x00000000c6680000, 0x00000000eab00000)
  object space 104960K, 87% used [0x00000000c0000000,0x00000000c5941200,0x00000000c6680000)
 Metaspace       used 75368K, committed 76480K, reserved 1122304K
  class space    used 7903K, committed 8384K, reserved 1048576K
}
Event: 3914.404 GC heap after
{Heap after GC invocations=340 (full 10):
 PSYoungGen      total 2048K, used 480K [0x00000000eab00000, 0x00000000eae80000, 0x0000000100000000)
  eden space 1536K, 0% used [0x00000000eab00000,0x00000000eab00000,0x00000000eac80000)
  from space 512K, 93% used [0x00000000ead00000,0x00000000ead78000,0x00000000ead80000)
  to   space 1024K, 0% used [0x00000000ead80000,0x00000000ead80000,0x00000000eae80000)
 ParOldGen       total 104960K, used 91872K [0x00000000c0000000, 0x00000000c6680000, 0x00000000eab00000)
  object space 104960K, 87% used [0x00000000c0000000,0x00000000c59b8180,0x00000000c6680000)
 Metaspace       used 75368K, committed 76480K, reserved 1122304K
  class space    used 7903K, committed 8384K, reserved 1048576K
}
Event: 3914.423 GC heap before
{Heap before GC invocations=341 (full 10):
 PSYoungGen      total 2048K, used 2011K [0x00000000eab00000, 0x00000000eae80000, 0x0000000100000000)
  eden space 1536K, 99% used [0x00000000eab00000,0x00000000eac7eda0,0x00000000eac80000)
  from space 512K, 93% used [0x00000000ead00000,0x00000000ead78000,0x00000000ead80000)
  to   space 1024K, 0% used [0x00000000ead80000,0x00000000ead80000,0x00000000eae80000)
 ParOldGen       total 104960K, used 91872K [0x00000000c0000000, 0x00000000c6680000, 0x00000000eab00000)
  object space 104960K, 87% used [0x00000000c0000000,0x00000000c59b8180,0x00000000c6680000)
 Metaspace       used 75373K, committed 76480K, reserved 1122304K
  class space    used 7903K, committed 8384K, reserved 1048576K
}
Event: 3914.424 GC heap after
{Heap after GC invocations=341 (full 10):
 PSYoungGen      total 2560K, used 640K [0x00000000eab00000, 0x00000000eae80000, 0x0000000100000000)
  eden space 1536K, 0% used [0x00000000eab00000,0x00000000eab00000,0x00000000eac80000)
  from space 1024K, 62% used [0x00000000ead80000,0x00000000eae20000,0x00000000eae80000)
  to   space 1024K, 0% used [0x00000000eac80000,0x00000000eac80000,0x00000000ead80000)
 ParOldGen       total 104960K, used 92265K [0x00000000c0000000, 0x00000000c6680000, 0x00000000eab00000)
  object space 104960K, 87% used [0x00000000c0000000,0x00000000c5a1a670,0x00000000c6680000)
 Metaspace       used 75373K, committed 76480K, reserved 1122304K
  class space    used 7903K, committed 8384K, reserved 1048576K
}

