# JRE version: OpenJDK Runtime Environment Temurin-17.0.6+10 (17.0.6+10) (build 17.0.6+10)
# Java VM: OpenJDK 64-Bit Server VM Temurin-17.0.6+10 (17.0.6+10, mixed mode, tiered, compressed oops, compressed class ptrs, parallel gc, windows-amd64)
GC Precious Log:
 CPUs: 8 total, 8 available
 Memory: 12169M
 Large Page Support: Disabled
 NUMA Support: Disabled
 Compressed Oops: Enabled (32-bit)
 Alignments: Space 512K, Generation 512K, Heap 2M
 Heap Min Capacity: 100M
 Heap Initial Capacity: 100M
 Heap Max Capacity: 1G
 Pre-touch: Disabled
 Parallel Workers: 8
Heap:
 PSYoungGen      total 4608K, used 497K [0x00000000eab00000, 0x00000000eba80000, 0x0000000100000000)
  eden space 4096K, 0% used [0x00000000eab00000,0x00000000eab00000,0x00000000eaf00000)
  from space 512K, 97% used [0x00000000eba00000,0x00000000eba7c758,0x00000000eba80000)
  to   space 5632K, 0% used [0x00000000eaf80000,0x00000000eaf80000,0x00000000eb500000)
 ParOldGen       total 100864K, used 98710K [0x00000000c0000000, 0x00000000c6280000, 0x00000000eab00000)
  object space 100864K, 97% used [0x00000000c0000000,0x00000000c6065918,0x00000000c6280000)
 Metaspace       used 65327K, committed 66304K, reserved 1114112K
  class space    used 6868K, committed 7296K, reserved 1048576K
GC Heap History (20 events):
Event: 33.350 GC heap after
{Heap after GC invocations=46 (full 4):
 PSYoungGen      total 5120K, used 1024K [0x00000000eab00000, 0x00000000ebc80000, 0x0000000100000000)
  eden space 4096K, 0% used [0x00000000eab00000,0x00000000eab00000,0x00000000eaf00000)
  from space 1024K, 100% used [0x00000000eba80000,0x00000000ebb80000,0x00000000ebb80000)
  to   space 1024K, 0% used [0x00000000ebb80000,0x00000000ebb80000,0x00000000ebc80000)
 ParOldGen       total 100864K, used 90608K [0x00000000c0000000, 0x00000000c6280000, 0x00000000eab00000)
  object space 100864K, 89% used [0x00000000c0000000,0x00000000c587c3d8,0x00000000c6280000)
 Metaspace       used 64283K, committed 65280K, reserved 1114112K
  class space    used 6757K, committed 7168K, reserved 1048576K
}
Event: 34.697 GC heap before
{Heap before GC invocations=47 (full 4):
 PSYoungGen      total 5120K, used 5120K [0x00000000eab00000, 0x00000000ebc80000, 0x0000000100000000)
  eden space 4096K, 100% used [0x00000000eab00000,0x00000000eaf00000,0x00000000eaf00000)
  from space 1024K, 100% used [0x00000000eba80000,0x00000000ebb80000,0x00000000ebb80000)
  to   space 1024K, 0% used [0x00000000ebb80000,0x00000000ebb80000,0x00000000ebc80000)
 ParOldGen       total 100864K, used 90608K [0x00000000c0000000, 0x00000000c6280000, 0x00000000eab00000)
  object space 100864K, 89% used [0x00000000c0000000,0x00000000c587c3d8,0x00000000c6280000)
 Metaspace       used 64514K, committed 65536K, reserved 1114112K
  class space    used 6776K, committed 7232K, reserved 1048576K
}
Event: 34.700 GC heap after
{Heap after GC invocations=47 (full 4):
 PSYoungGen      total 5120K, used 992K [0x00000000eab00000, 0x00000000ebc80000, 0x0000000100000000)
  eden space 4096K, 0% used [0x00000000eab00000,0x00000000eab00000,0x00000000eaf00000)
  from space 1024K, 96% used [0x00000000ebb80000,0x00000000ebc78000,0x00000000ebc80000)
  to   space 1536K, 0% used [0x00000000eb980000,0x00000000eb980000,0x00000000ebb00000)
 ParOldGen       total 100864K, used 91640K [0x00000000c0000000, 0x00000000c6280000, 0x00000000eab00000)
  object space 100864K, 90% used [0x00000000c0000000,0x00000000c597e3d8,0x00000000c6280000)
 Metaspace       used 64514K, committed 65536K, reserved 1114112K
  class space    used 6776K, committed 7232K, reserved 1048576K
}
Event: 34.757 GC heap before
{Heap before GC invocations=48 (full 4):
 PSYoungGen      total 5120K, used 5088K [0x00000000eab00000, 0x00000000ebc80000, 0x0000000100000000)
  eden space 4096K, 100% used [0x00000000eab00000,0x00000000eaf00000,0x00000000eaf00000)
  from space 1024K, 96% used [0x00000000ebb80000,0x00000000ebc78000,0x00000000ebc80000)
  to   space 1536K, 0% used [0x00000000eb980000,0x00000000eb980000,0x00000000ebb00000)
 ParOldGen       total 100864K, used 91640K [0x00000000c0000000, 0x00000000c6280000, 0x00000000eab00000)
  object space 100864K, 90% used [0x00000000c0000000,0x00000000c597e3d8,0x00000000c6280000)
 Metaspace       used 64540K, committed 65536K, reserved 1114112K
  class space    used 6776K, committed 7232K, reserved 1048576K
}
Event: 34.758 GC heap after
{Heap after GC invocations=48 (full 4):
 PSYoungGen      total 5632K, used 1296K [0x00000000eab00000, 0x00000000ebc00000, 0x0000000100000000)
  eden space 4096K, 0% used [0x00000000eab00000,0x00000000eab00000,0x00000000eaf00000)
  from space 1536K, 84% used [0x00000000eb980000,0x00000000ebac4010,0x00000000ebb00000)
  to   space 1024K, 0% used [0x00000000ebb00000,0x00000000ebb00000,0x00000000ebc00000)
 ParOldGen       total 100864K, used 91648K [0x00000000c0000000, 0x00000000c6280000, 0x00000000eab00000)
  object space 100864K, 90% used [0x00000000c0000000,0x00000000c59803d8,0x00000000c6280000)
 Metaspace       used 64540K, committed 65536K, reserved 1114112K
  class space    used 6776K, committed 7232K, reserved 1048576K
}
Event: 35.003 GC heap before
{Heap before GC invocations=49 (full 4):
 PSYoungGen      total 5632K, used 5392K [0x00000000eab00000, 0x00000000ebc00000, 0x0000000100000000)
  eden space 4096K, 99% used [0x00000000eab00000,0x00000000eaeffff0,0x00000000eaf00000)
  from space 1536K, 84% used [0x00000000eb980000,0x00000000ebac4010,0x00000000ebb00000)
  to   space 1024K, 0% used [0x00000000ebb00000,0x00000000ebb00000,0x00000000ebc00000)
 ParOldGen       total 100864K, used 91648K [0x00000000c0000000, 0x00000000c6280000, 0x00000000eab00000)
  object space 100864K, 90% used [0x00000000c0000000,0x00000000c59803d8,0x00000000c6280000)
 Metaspace       used 64556K, committed 65600K, reserved 1114112K
  class space    used 6776K, committed 7232K, reserved 1048576K
}
Event: 35.004 GC heap after
{Heap after GC invocations=49 (full 4):
 PSYoungGen      total 5120K, used 624K [0x00000000eab00000, 0x00000000ebc00000, 0x0000000100000000)
  eden space 4096K, 0% used [0x00000000eab00000,0x00000000eab00000,0x00000000eaf00000)
  from space 1024K, 60% used [0x00000000ebb00000,0x00000000ebb9c010,0x00000000ebc00000)
  to   space 1024K, 0% used [0x00000000eba00000,0x00000000eba00000,0x00000000ebb00000)
 ParOldGen       total 100864K, used 91648K [0x00000000c0000000, 0x00000000c6280000, 0x00000000eab00000)
  object space 100864K, 90% used [0x00000000c0000000,0x00000000c59803d8,0x00000000c6280000)
 Metaspace       used 64556K, committed 65600K, reserved 1114112K
  class space    used 6776K, committed 7232K, reserved 1048576K
}
Event: 35.046 GC heap before
{Heap before GC invocations=50 (full 4):
 PSYoungGen      total 5120K, used 4720K [0x00000000eab00000, 0x00000000ebc00000, 0x0000000100000000)
  eden space 4096K, 100% used [0x00000000eab00000,0x00000000eaf00000,0x00000000eaf00000)
  from space 1024K, 60% used [0x00000000ebb00000,0x00000000ebb9c010,0x00000000ebc00000)
  to   space 1024K, 0% used [0x00000000eba00000,0x00000000eba00000,0x00000000ebb00000)
 ParOldGen       total 100864K, used 91648K [0x00000000c0000000, 0x00000000c6280000, 0x00000000eab00000)
  object space 100864K, 90% used [0x00000000c0000000,0x00000000c59803d8,0x00000000c6280000)
 Metaspace       used 64662K, committed 65664K, reserved 1114112K
  class space    used 6776K, committed 7232K, reserved 1048576K
}
Event: 35.047 GC heap after
{Heap after GC invocations=50 (full 4):
 PSYoungGen      total 5120K, used 1008K [0x00000000eab00000, 0x00000000ebb80000, 0x0000000100000000)
  eden space 4096K, 0% used [0x00000000eab00000,0x00000000eab00000,0x00000000eaf00000)
  from space 1024K, 98% used [0x00000000eba00000,0x00000000ebafc010,0x00000000ebb00000)
  to   space 512K, 0% used [0x00000000ebb00000,0x00000000ebb00000,0x00000000ebb80000)
 ParOldGen       total 100864K, used 91768K [0x00000000c0000000, 0x00000000c6280000, 0x00000000eab00000)
  object space 100864K, 90% used [0x00000000c0000000,0x00000000c599e3d8,0x00000000c6280000)
 Metaspace       used 64662K, committed 65664K, reserved 1114112K
  class space    used 6776K, committed 7232K, reserved 1048576K
}
Event: 35.078 GC heap before
{Heap before GC invocations=51 (full 4):
 PSYoungGen      total 5120K, used 5104K [0x00000000eab00000, 0x00000000ebb80000, 0x0000000100000000)
  eden space 4096K, 100% used [0x00000000eab00000,0x00000000eaf00000,0x00000000eaf00000)
  from space 1024K, 98% used [0x00000000eba00000,0x00000000ebafc010,0x00000000ebb00000)
  to   space 512K, 0% used [0x00000000ebb00000,0x00000000ebb00000,0x00000000ebb80000)
 ParOldGen       total 100864K, used 91768K [0x00000000c0000000, 0x00000000c6280000, 0x00000000eab00000)
  object space 100864K, 90% used [0x00000000c0000000,0x00000000c599e3d8,0x00000000c6280000)
 Metaspace       used 64710K, committed 65728K, reserved 1114112K
  class space    used 6776K, committed 7232K, reserved 1048576K
}
Event: 35.080 GC heap after
{Heap after GC invocations=51 (full 4):
 PSYoungGen      total 4608K, used 512K [0x00000000eab00000, 0x00000000ebb80000, 0x0000000100000000)
  eden space 4096K, 0% used [0x00000000eab00000,0x00000000eab00000,0x00000000eaf00000)
  from space 512K, 100% used [0x00000000ebb00000,0x00000000ebb80000,0x00000000ebb80000)
  to   space 2048K, 0% used [0x00000000eb780000,0x00000000eb780000,0x00000000eb980000)
 ParOldGen       total 100864K, used 92931K [0x00000000c0000000, 0x00000000c6280000, 0x00000000eab00000)
  object space 100864K, 92% used [0x00000000c0000000,0x00000000c5ac0d18,0x00000000c6280000)
 Metaspace       used 64710K, committed 65728K, reserved 1114112K
  class space    used 6776K, committed 7232K, reserved 1048576K
}
Event: 35.211 GC heap before
{Heap before GC invocations=52 (full 4):
 PSYoungGen      total 4608K, used 4608K [0x00000000eab00000, 0x00000000ebb80000, 0x0000000100000000)
  eden space 4096K, 100% used [0x00000000eab00000,0x00000000eaf00000,0x00000000eaf00000)
  from space 512K, 100% used [0x00000000ebb00000,0x00000000ebb80000,0x00000000ebb80000)
  to   space 2048K, 0% used [0x00000000eb780000,0x00000000eb780000,0x00000000eb980000)
 ParOldGen       total 100864K, used 92931K [0x00000000c0000000, 0x00000000c6280000, 0x00000000eab00000)
  object space 100864K, 92% used [0x00000000c0000000,0x00000000c5ac0d18,0x00000000c6280000)
 Metaspace       used 64737K, committed 65792K, reserved 1114112K
  class space    used 6777K, committed 7232K, reserved 1048576K
}
Event: 35.212 GC heap after
{Heap after GC invocations=52 (full 4):
 PSYoungGen      total 6144K, used 896K [0x00000000eab00000, 0x00000000ebb80000, 0x0000000100000000)
  eden space 4096K, 0% used [0x00000000eab00000,0x00000000eab00000,0x00000000eaf00000)
  from space 2048K, 43% used [0x00000000eb780000,0x00000000eb860000,0x00000000eb980000)
  to   space 1536K, 0% used [0x00000000eba00000,0x00000000eba00000,0x00000000ebb80000)
 ParOldGen       total 100864K, used 93400K [0x00000000c0000000, 0x00000000c6280000, 0x00000000eab00000)
  object space 100864K, 92% used [0x00000000c0000000,0x00000000c5b361b8,0x00000000c6280000)
 Metaspace       used 64737K, committed 65792K, reserved 1114112K
  class space    used 6777K, committed 7232K, reserved 1048576K
}
Event: 35.445 GC heap before
{Heap before GC invocations=53 (full 4):
 PSYoungGen      total 6144K, used 4992K [0x00000000eab00000, 0x00000000ebb80000, 0x0000000100000000)
  eden space 4096K, 100% used [0x00000000eab00000,0x00000000eaf00000,0x00000000eaf00000)
  from space 2048K, 43% used [0x00000000eb780000,0x00000000eb860000,0x00000000eb980000)
  to   space 1536K, 0% used [0x00000000eba00000,0x00000000eba00000,0x00000000ebb80000)
 ParOldGen       total 100864K, used 93400K [0x00000000c0000000, 0x00000000c6280000, 0x00000000eab00000)
  object space 100864K, 92% used [0x00000000c0000000,0x00000000c5b361b8,0x00000000c6280000)
 Metaspace       used 65057K, committed 65984K, reserved 1114112K
  class space    used 6847K, committed 7232K, reserved 1048576K
}
Event: 35.448 GC heap after
{Heap after GC invocations=53 (full 4):
 PSYoungGen      total 5632K, used 1376K [0x00000000eab00000, 0x00000000ebb80000, 0x0000000100000000)
  eden space 4096K, 0% used [0x00000000eab00000,0x00000000eab00000,0x00000000eaf00000)
  from space 1536K, 89% used [0x00000000eba00000,0x00000000ebb58000,0x00000000ebb80000)
  to   space 1536K, 0% used [0x00000000eb880000,0x00000000eb880000,0x00000000eba00000)
 ParOldGen       total 100864K, used 93408K [0x00000000c0000000, 0x00000000c6280000, 0x00000000eab00000)
  object space 100864K, 92% used [0x00000000c0000000,0x00000000c5b381b8,0x00000000c6280000)
 Metaspace       used 65057K, committed 65984K, reserved 1114112K
  class space    used 6847K, committed 7232K, reserved 1048576K
}
Event: 35.516 GC heap before
{Heap before GC invocations=54 (full 4):
 PSYoungGen      total 5632K, used 5472K [0x00000000eab00000, 0x00000000ebb80000, 0x0000000100000000)
  eden space 4096K, 100% used [0x00000000eab00000,0x00000000eaf00000,0x00000000eaf00000)
  from space 1536K, 89% used [0x00000000eba00000,0x00000000ebb58000,0x00000000ebb80000)
  to   space 1536K, 0% used [0x00000000eb880000,0x00000000eb880000,0x00000000eba00000)
 ParOldGen       total 100864K, used 93408K [0x00000000c0000000, 0x00000000c6280000, 0x00000000eab00000)
  object space 100864K, 92% used [0x00000000c0000000,0x00000000c5b381b8,0x00000000c6280000)
 Metaspace       used 65293K, committed 66240K, reserved 1114112K
  class space    used 6866K, committed 7296K, reserved 1048576K
}
Event: 35.518 GC heap after
{Heap after GC invocations=54 (full 4):
 PSYoungGen      total 5632K, used 1521K [0x00000000eab00000, 0x00000000eba80000, 0x0000000100000000)
  eden space 4096K, 0% used [0x00000000eab00000,0x00000000eab00000,0x00000000eaf00000)
  from space 1536K, 99% used [0x00000000eb880000,0x00000000eb9fc758,0x00000000eba00000)
  to   space 512K, 0% used [0x00000000eba00000,0x00000000eba00000,0x00000000eba80000)
 ParOldGen       total 100864K, used 94160K [0x00000000c0000000, 0x00000000c6280000, 0x00000000eab00000)
  object space 100864K, 93% used [0x00000000c0000000,0x00000000c5bf41b8,0x00000000c6280000)
 Metaspace       used 65293K, committed 66240K, reserved 1114112K
  class space    used 6866K, committed 7296K, reserved 1048576K
}
Event: 35.548 GC heap before
{Heap before GC invocations=55 (full 4):
 PSYoungGen      total 5632K, used 5617K [0x00000000eab00000, 0x00000000eba80000, 0x0000000100000000)
  eden space 4096K, 100% used [0x00000000eab00000,0x00000000eaf00000,0x00000000eaf00000)
  from space 1536K, 99% used [0x00000000eb880000,0x00000000eb9fc758,0x00000000eba00000)
  to   space 512K, 0% used [0x00000000eba00000,0x00000000eba00000,0x00000000eba80000)
 ParOldGen       total 100864K, used 94160K [0x00000000c0000000, 0x00000000c6280000, 0x00000000eab00000)
  object space 100864K, 93% used [0x00000000c0000000,0x00000000c5bf41b8,0x00000000c6280000)
 Metaspace       used 65327K, committed 66304K, reserved 1114112K
  class space    used 6868K, committed 7296K, reserved 1048576K
}
Event: 35.551 GC heap after
{Heap after GC invocations=55 (full 4):
 PSYoungGen      total 4608K, used 497K [0x00000000eab00000, 0x00000000eba80000, 0x0000000100000000)
  eden space 4096K, 0% used [0x00000000eab00000,0x00000000eab00000,0x00000000eaf00000)
  from space 512K, 97% used [0x00000000eba00000,0x00000000eba7c758,0x00000000eba80000)
  to   space 5632K, 0% used [0x00000000eaf80000,0x00000000eaf80000,0x00000000eb500000)
 ParOldGen       total 100864K, used 98710K [0x00000000c0000000, 0x00000000c6280000, 0x00000000eab00000)
  object space 100864K, 97% used [0x00000000c0000000,0x00000000c6065918,0x00000000c6280000)
 Metaspace       used 65327K, committed 66304K, reserved 1114112K
  class space    used 6868K, committed 7296K, reserved 1048576K
}
Event: 35.551 GC heap before
{Heap before GC invocations=56 (full 5):
 PSYoungGen      total 4608K, used 497K [0x00000000eab00000, 0x00000000eba80000, 0x0000000100000000)
  eden space 4096K, 0% used [0x00000000eab00000,0x00000000eab00000,0x00000000eaf00000)
  from space 512K, 97% used [0x00000000eba00000,0x00000000eba7c758,0x00000000eba80000)
  to   space 5632K, 0% used [0x00000000eaf80000,0x00000000eaf80000,0x00000000eb500000)
 ParOldGen       total 100864K, used 98710K [0x00000000c0000000, 0x00000000c6280000, 0x00000000eab00000)
  object space 100864K, 97% used [0x00000000c0000000,0x00000000c6065918,0x00000000c6280000)
 Metaspace       used 65327K, committed 66304K, reserved 1114112K
  class space    used 6868K, committed 7296K, reserved 1048576K
}

